[2025-06-14 13:32:02,575] 1025 httpx - INFO - HTTP Request: GET https://dagshub.com/api/v1/user "HTTP/1.1 200 OK"
[2025-06-14 13:32:02,578] 107 dagshub - INFO - Accessing as Uday-maverick
[2025-06-14 13:32:03,364] 1025 httpx - INFO - HTTP Request: GET https://dagshub.com/api/v1/repos/Uday-maverick/Network-Security "HTTP/1.1 200 OK"
[2025-06-14 13:32:04,158] 1025 httpx - INFO - HTTP Request: GET https://dagshub.com/api/v1/user "HTTP/1.1 200 OK"
[2025-06-14 13:32:04,159] 107 dagshub - INFO - Initialized MLflow to track repo "Uday-maverick/Network-Security"
[2025-06-14 13:32:04,160] 107 dagshub - INFO - Repository Uday-maverick/Network-Security initialized!
[2025-06-14 13:32:22,037] 42 root - INFO - Start data Ingestion
[2025-06-14 13:32:32,625] 65 root - INFO - Performed train test split on the dataframe
[2025-06-14 13:32:32,625] 67 root - INFO - Exited split_data_as_train_test method of Data_Ingestion class
[2025-06-14 13:32:32,625] 75 root - INFO - Exporting train and test file path.
[2025-06-14 13:32:32,682] 84 root - INFO - Exported train and test file path.
[2025-06-14 13:32:32,683] 45 root - INFO - Data Ingestion completed and artifact: DataIngestionArtifact(trained_file_path='Artifacts\\06_14_2025_13_31_59\\data_ingestion\\ingested\\train.csv', test_file_path='Artifacts\\06_14_2025_13_31_59\\data_ingestion\\ingested\\test.csv')
[2025-06-14 13:32:32,690] 55 root - INFO - Initiate the data Validation
[2025-06-14 13:32:32,744] 34 root - INFO - Required number of columns:2
[2025-06-14 13:32:32,744] 35 root - INFO - Data frame has columns:31
[2025-06-14 13:32:32,744] 34 root - INFO - Required number of columns:2
[2025-06-14 13:32:32,744] 35 root - INFO - Data frame has columns:31
[2025-06-14 13:32:32,894] 63 root - INFO - Entered initiate_data_transformation method of DataTransformation class
[2025-06-14 13:32:32,894] 65 root - INFO - Starting data transformation
[2025-06-14 13:32:32,912] 48 root - INFO - Entered get_data_trnasformer_object method of Trnasformation class
[2025-06-14 13:32:32,912] 53 root - INFO - Initialise KNNImputer with {'missing_values': nan, 'n_neighbors': 3, 'weights': 'uniform'}
[2025-06-14 13:32:32,925] 46 root - INFO - Entered the save_object method of MainUtils class
[2025-06-14 13:32:32,928] 50 root - INFO - Exited the save_object method of MainUtils class
[2025-06-14 13:32:32,928] 46 root - INFO - Entered the save_object method of MainUtils class
[2025-06-14 13:32:32,931] 50 root - INFO - Exited the save_object method of MainUtils class
