[2025-06-14 12:20:17,931] 1025 httpx - INFO - HTTP Request: GET https://dagshub.com/api/v1/user "HTTP/1.1 200 OK"
[2025-06-14 12:20:17,943] 107 dagshub - INFO - Accessing as Uday-maverick
[2025-06-14 12:20:19,260] 1025 httpx - INFO - HTTP Request: GET https://dagshub.com/api/v1/repos/Uday-maverick/Network-Security "HTTP/1.1 200 OK"
[2025-06-14 12:20:20,358] 1025 httpx - INFO - HTTP Request: GET https://dagshub.com/api/v1/user "HTTP/1.1 200 OK"
[2025-06-14 12:20:20,363] 107 dagshub - INFO - Initialized MLflow to track repo "Uday-maverick/Network-Security"
[2025-06-14 12:20:20,365] 107 dagshub - INFO - Repository Uday-maverick/Network-Security initialized!
[2025-06-14 12:20:20,365] 20 root - INFO - Initiate the data ingestion
[2025-06-14 12:20:30,967] 65 root - INFO - Performed train test split on the dataframe
[2025-06-14 12:20:30,967] 67 root - INFO - Exited split_data_as_train_test method of Data_Ingestion class
[2025-06-14 12:20:30,969] 75 root - INFO - Exporting train and test file path.
[2025-06-14 12:20:31,089] 84 root - INFO - Exported train and test file path.
[2025-06-14 12:20:31,090] 22 root - INFO - Data Initiation Completed
[2025-06-14 12:20:31,102] 26 root - INFO - Initiate the data Validation
[2025-06-14 12:20:31,205] 34 root - INFO - Required number of columns:2
[2025-06-14 12:20:31,205] 35 root - INFO - Data frame has columns:31
[2025-06-14 12:20:31,205] 34 root - INFO - Required number of columns:2
[2025-06-14 12:20:31,205] 35 root - INFO - Data frame has columns:31
[2025-06-14 12:20:31,538] 28 root - INFO - data Validation Completed
[2025-06-14 12:20:31,538] 31 root - INFO - data Transformation started
[2025-06-14 12:20:31,538] 63 root - INFO - Entered initiate_data_transformation method of DataTransformation class
[2025-06-14 12:20:31,540] 65 root - INFO - Starting data transformation
[2025-06-14 12:20:31,580] 48 root - INFO - Entered get_data_trnasformer_object method of Trnasformation class
[2025-06-14 12:20:31,580] 53 root - INFO - Initialise KNNImputer with {'missing_values': nan, 'n_neighbors': 3, 'weights': 'uniform'}
[2025-06-14 12:20:31,605] 46 root - INFO - Entered the save_object method of MainUtils class
[2025-06-14 12:20:31,610] 50 root - INFO - Exited the save_object method of MainUtils class
[2025-06-14 12:20:31,611] 46 root - INFO - Entered the save_object method of MainUtils class
[2025-06-14 12:20:31,614] 50 root - INFO - Exited the save_object method of MainUtils class
[2025-06-14 12:20:31,617] 35 root - INFO - data Transformation completed
[2025-06-14 12:20:31,617] 37 root - INFO - Model Training sstared
