[2025-06-14 13:23:41,008] 42 root - INFO - Start data Ingestion
[2025-06-14 13:23:52,697] 65 root - INFO - Performed train test split on the dataframe
[2025-06-14 13:23:52,698] 67 root - INFO - Exited split_data_as_train_test method of Data_Ingestion class
[2025-06-14 13:23:52,698] 75 root - INFO - Exporting train and test file path.
[2025-06-14 13:23:52,846] 84 root - INFO - Exported train and test file path.
[2025-06-14 13:23:52,847] 45 root - INFO - Data Ingestion completed and artifact: DataIngestionArtifact(trained_file_path='Artifacts\\06_14_2025_13_20_11\\data_ingestion\\ingested\\train.csv', test_file_path='Artifacts\\06_14_2025_13_20_11\\data_ingestion\\ingested\\test.csv')
[2025-06-14 13:23:52,861] 55 root - INFO - Initiate the data Validation
[2025-06-14 13:23:52,982] 34 root - INFO - Required number of columns:2
[2025-06-14 13:23:52,983] 35 root - INFO - Data frame has columns:31
[2025-06-14 13:23:52,983] 34 root - INFO - Required number of columns:2
[2025-06-14 13:23:52,983] 35 root - INFO - Data frame has columns:31
[2025-06-14 13:23:53,335] 63 root - INFO - Entered initiate_data_transformation method of DataTransformation class
[2025-06-14 13:23:53,336] 65 root - INFO - Starting data transformation
[2025-06-14 13:23:53,375] 48 root - INFO - Entered get_data_trnasformer_object method of Trnasformation class
[2025-06-14 13:23:53,375] 53 root - INFO - Initialise KNNImputer with {'missing_values': nan, 'n_neighbors': 3, 'weights': 'uniform'}
[2025-06-14 13:23:53,396] 46 root - INFO - Entered the save_object method of MainUtils class
[2025-06-14 13:23:53,400] 50 root - INFO - Exited the save_object method of MainUtils class
[2025-06-14 13:23:53,401] 46 root - INFO - Entered the save_object method of MainUtils class
[2025-06-14 13:23:53,405] 50 root - INFO - Exited the save_object method of MainUtils class
[2025-06-14 13:27:28,012] 46 root - INFO - Entered the save_object method of MainUtils class
[2025-06-14 13:27:28,013] 50 root - INFO - Exited the save_object method of MainUtils class
[2025-06-14 13:27:28,013] 46 root - INFO - Entered the save_object method of MainUtils class
[2025-06-14 13:27:28,054] 50 root - INFO - Exited the save_object method of MainUtils class
[2025-06-14 13:27:28,054] 157 root - INFO - Model trainer artifact: ModelTrainerArtifact(trained_model_file_path='Artifacts\\06_14_2025_13_20_11\\model_trainer\\trained_model\\model.pkl', train_metric_artifact=ClassificationMetricArtifact(f1_score=0.9911970049580087, precision_score=0.9884964682139253, recall_score=0.9939123376623377), test_metric_artifact=ClassificationMetricArtifact(f1_score=0.9749596122778675, precision_score=0.9679230152365678, recall_score=0.9820992676973149))
