[2025-06-14 12:34:55,517] 1025 httpx - INFO - HTTP Request: GET https://dagshub.com/api/v1/user "HTTP/1.1 200 OK"
[2025-06-14 12:34:55,542] 107 dagshub - INFO - Accessing as Uday-maverick
[2025-06-14 12:34:56,843] 1025 httpx - INFO - HTTP Request: GET https://dagshub.com/api/v1/repos/Uday-maverick/Network-Security "HTTP/1.1 200 OK"
[2025-06-14 12:34:57,968] 1025 httpx - INFO - HTTP Request: GET https://dagshub.com/api/v1/user "HTTP/1.1 200 OK"
[2025-06-14 12:34:57,973] 107 dagshub - INFO - Initialized MLflow to track repo "Uday-maverick/Network-Security"
[2025-06-14 12:34:57,974] 107 dagshub - INFO - Repository Uday-maverick/Network-Security initialized!
[2025-06-14 12:34:57,974] 20 root - INFO - Initiate the data ingestion
[2025-06-14 12:35:07,628] 65 root - INFO - Performed train test split on the dataframe
[2025-06-14 12:35:07,629] 67 root - INFO - Exited split_data_as_train_test method of Data_Ingestion class
[2025-06-14 12:35:07,629] 75 root - INFO - Exporting train and test file path.
[2025-06-14 12:35:07,733] 84 root - INFO - Exported train and test file path.
[2025-06-14 12:35:07,734] 22 root - INFO - Data Initiation Completed
[2025-06-14 12:35:07,756] 26 root - INFO - Initiate the data Validation
[2025-06-14 12:35:07,853] 34 root - INFO - Required number of columns:2
[2025-06-14 12:35:07,853] 35 root - INFO - Data frame has columns:31
[2025-06-14 12:35:07,853] 34 root - INFO - Required number of columns:2
[2025-06-14 12:35:07,853] 35 root - INFO - Data frame has columns:31
[2025-06-14 12:35:08,193] 28 root - INFO - data Validation Completed
[2025-06-14 12:35:08,194] 31 root - INFO - data Transformation started
[2025-06-14 12:35:08,194] 63 root - INFO - Entered initiate_data_transformation method of DataTransformation class
[2025-06-14 12:35:08,194] 65 root - INFO - Starting data transformation
[2025-06-14 12:35:08,247] 48 root - INFO - Entered get_data_trnasformer_object method of Trnasformation class
[2025-06-14 12:35:08,247] 53 root - INFO - Initialise KNNImputer with {'missing_values': nan, 'n_neighbors': 3, 'weights': 'uniform'}
[2025-06-14 12:35:08,275] 46 root - INFO - Entered the save_object method of MainUtils class
[2025-06-14 12:35:08,280] 50 root - INFO - Exited the save_object method of MainUtils class
[2025-06-14 12:35:08,280] 46 root - INFO - Entered the save_object method of MainUtils class
[2025-06-14 12:35:08,285] 50 root - INFO - Exited the save_object method of MainUtils class
[2025-06-14 12:35:08,288] 35 root - INFO - data Transformation completed
[2025-06-14 12:35:08,289] 37 root - INFO - Model Training sstared
