[2025-06-14 12:48:03,687] 1025 httpx - INFO - HTTP Request: GET https://dagshub.com/api/v1/user "HTTP/1.1 200 OK"
[2025-06-14 12:48:03,697] 107 dagshub - INFO - Accessing as Uday-maverick
[2025-06-14 12:48:05,012] 1025 httpx - INFO - HTTP Request: GET https://dagshub.com/api/v1/repos/Uday-maverick/Network-Security "HTTP/1.1 200 OK"
[2025-06-14 12:48:06,355] 1025 httpx - INFO - HTTP Request: GET https://dagshub.com/api/v1/user "HTTP/1.1 200 OK"
[2025-06-14 12:48:06,359] 107 dagshub - INFO - Initialized MLflow to track repo "Uday-maverick/Network-Security"
[2025-06-14 12:48:06,361] 107 dagshub - INFO - Repository Uday-maverick/Network-Security initialized!
[2025-06-14 12:48:06,361] 20 root - INFO - Initiate the data ingestion
[2025-06-14 12:48:16,524] 65 root - INFO - Performed train test split on the dataframe
[2025-06-14 12:48:16,525] 67 root - INFO - Exited split_data_as_train_test method of Data_Ingestion class
[2025-06-14 12:48:16,525] 75 root - INFO - Exporting train and test file path.
[2025-06-14 12:48:16,641] 84 root - INFO - Exported train and test file path.
[2025-06-14 12:48:16,642] 22 root - INFO - Data Initiation Completed
[2025-06-14 12:48:16,656] 26 root - INFO - Initiate the data Validation
[2025-06-14 12:48:16,751] 34 root - INFO - Required number of columns:2
[2025-06-14 12:48:16,751] 35 root - INFO - Data frame has columns:31
[2025-06-14 12:48:16,751] 34 root - INFO - Required number of columns:2
[2025-06-14 12:48:16,751] 35 root - INFO - Data frame has columns:31
[2025-06-14 12:48:17,107] 28 root - INFO - data Validation Completed
[2025-06-14 12:48:17,132] 31 root - INFO - data Transformation started
[2025-06-14 12:48:17,133] 63 root - INFO - Entered initiate_data_transformation method of DataTransformation class
[2025-06-14 12:48:17,133] 65 root - INFO - Starting data transformation
[2025-06-14 12:48:17,185] 48 root - INFO - Entered get_data_trnasformer_object method of Trnasformation class
[2025-06-14 12:48:17,185] 53 root - INFO - Initialise KNNImputer with {'missing_values': nan, 'n_neighbors': 3, 'weights': 'uniform'}
[2025-06-14 12:48:17,207] 46 root - INFO - Entered the save_object method of MainUtils class
[2025-06-14 12:48:17,212] 50 root - INFO - Exited the save_object method of MainUtils class
[2025-06-14 12:48:17,213] 46 root - INFO - Entered the save_object method of MainUtils class
[2025-06-14 12:48:17,215] 50 root - INFO - Exited the save_object method of MainUtils class
[2025-06-14 12:48:17,218] 35 root - INFO - data Transformation completed
[2025-06-14 12:48:17,218] 37 root - INFO - Model Training sstared
